  D:\School\Archived Classes\2020 SPRING - GAP 321 - AI\Mod 05 - Behavior Trees\BehaviorTrees\..\SlothEngine\SlothEngine\ThirdParty\SFML\x64\bin\openal32.dll
  1 File(s) copied
  D:\School\Archived Classes\2020 SPRING - GAP 321 - AI\Mod 05 - Behavior Trees\BehaviorTrees\..\SlothEngine\SlothEngine\ThirdParty\Lua\x64\Lua_5.3.5.dll
  1 File(s) copied
  ActionNode.cpp
  AIComponent.cpp
  BehaviorNode.cpp
  ChaseBehavior.cpp
  IdleBehavior.cpp
  LoseTargetBehavior.cpp
  PathedBehavior.cpp
  PatrolBehavior.cpp
  SpeakBehavior.cpp
  TeleportBehavior.cpp
  TurnBehavior.cpp
  BehaviorTree.cpp
  Blackboard.cpp
  CompositeNode.cpp
  SelectorNode.cpp
  SequenceNode.cpp
  GameApp.cpp
  GameLogic.cpp
  Main.cpp
  tinyxml2.cpp
  Generating Code...
     Creating library D:\School\Archived Classes\2020 SPRING - GAP 321 - AI\Mod 05 - Behavior Trees\BehaviorTrees\Builds\x64_Debug\BehaviorTrees.lib and object D:\School\Archived Classes\2020 SPRING - GAP 321 - AI\Mod 05 - Behavior Trees\BehaviorTrees\Builds\x64_Debug\BehaviorTrees.exp
  Game.vcxproj -> D:\School\Archived Classes\2020 SPRING - GAP 321 - AI\Mod 05 - Behavior Trees\BehaviorTrees\Builds\x64_Debug\BehaviorTrees.exe
